{"logTime": "1121/172228", "correlationVector":"XFSEZuOloayrba8oFk7uk1.1","action":"SyncServerConnectionManagerRequest", "result":"SYNC_SERVER_OK", "context":{"environment":"Prod_WestEurope_000l", "migrationStage":"NotStarted", "server":"GENERAL01000014"}}
{"logTime": "1121/172230", "correlationVector":"pES6CHPbbLE4ssByy+4ZWY","action":"SyncServerConnectionManagerRequest", "result":"SYNC_SERVER_OK", "context":{"environment":"", "migrationStage":"", "server":""}}
{"logTime": "1121/172230", "correlationVector":"XFSEZuOloayrba8oFk7uk1","action":"Initial GetUpdates", "result":"", "context":Reason: NEW_CLIENT. cV=XFSEZuOloayrba8oFk7uk1}
{"logTime": "1121/172230", "correlationVector":"XFSEZuOloayrba8oFk7uk1.2","action":"GetUpdates Response", "result":"Success", "context":Received 1 update(s). cV=XFSEZuOloayrba8oFk7uk1.0;server=GENERAL01000014;cloudType=Consumer;environment=Prod_WestEurope_000l;migrationStage=NotStarted}
{"logTime": "1121/172230", "correlationVector":"fUDcIF1j3cyIhWNarmAjrz","action":"Initial GetUpdates", "result":"", "context":Reason: NEWLY_SUPPORTED_DATATYPE. cV=fUDcIF1j3cyIhWNarmAjrz}
{"logTime": "1121/172230", "correlationVector":"fUDcIF1j3cyIhWNarmAjrz.1","action":"SyncServerConnectionManagerRequest", "result":"SYNC_SERVER_OK", "context":{"environment":"Prod_WestEurope_000l", "migrationStage":"NotStarted", "server":"GENERAL0100000B"}}
{"logTime": "1121/172230", "correlationVector":"fUDcIF1j3cyIhWNarmAjrz.2","action":"GetUpdates Response", "result":"Success", "context":Received 29 update(s). cV=fUDcIF1j3cyIhWNarmAjrz.0;server=GENERAL0100000B;cloudType=Consumer;environment=Prod_WestEurope_000l;migrationStage=NotStarted}
{"logTime": "1121/172230", "correlationVector":"80ceg6EnmViaM0jsGpWP8l","action":"Initial GetUpdates", "result":"", "context":Reason: NEWLY_SUPPORTED_DATATYPE. cV=80ceg6EnmViaM0jsGpWP8l}
{"logTime": "1121/172230", "correlationVector":"80ceg6EnmViaM0jsGpWP8l.1","action":"SyncServerConnectionManagerRequest", "result":"SYNC_SERVER_OK", "context":{"environment":"Prod_WestEurope_000l", "migrationStage":"NotStarted", "server":"GENERAL01000010"}}
{"logTime": "1121/172230", "correlationVector":"80ceg6EnmViaM0jsGpWP8l.2","action":"GetUpdates Response", "result":"Success", "context":Received 5 update(s). cV=80ceg6EnmViaM0jsGpWP8l.0;server=GENERAL01000010;cloudType=Consumer;environment=Prod_WestEurope_000l;migrationStage=NotStarted}
{"logTime": "1121/172230", "correlationVector":"nQ2vFpoplEVJus9FitJJ5p","action":"Initial GetUpdates", "result":"", "context":Reason: NEWLY_SUPPORTED_DATATYPE. cV=nQ2vFpoplEVJus9FitJJ5p}
{"logTime": "1121/172230", "correlationVector":"nQ2vFpoplEVJus9FitJJ5p.1","action":"SyncServerConnectionManagerRequest", "result":"SYNC_SERVER_OK", "context":{"environment":"Prod_WestEurope_000l", "migrationStage":"NotStarted", "server":"GENERAL01000014"}}
{"logTime": "1121/172230", "correlationVector":"nQ2vFpoplEVJus9FitJJ5p.2","action":"GetUpdates Response", "result":"Success", "context":Received 1 update(s). cV=nQ2vFpoplEVJus9FitJJ5p.0;server=GENERAL01000014;cloudType=Consumer;environment=Prod_WestEurope_000l;migrationStage=NotStarted}
{"logTime": "1121/172230", "correlationVector":"TnkU510S7lJ4gybN1+OQex","action":"Normal GetUpdate request", "result":"", "context":cV=TnkU510S7lJ4gybN1+OQex
Nudged types: Preferences, Sessions, Device Info, User Consents, Encryption Keys
Refresh requested types: Bookmarks, Preferences, Passwords, Autofill Profiles, Autofill, Typed URLs, Extensions, Sessions, Extension settings, History Delete Directives, Device Info, User Consents, Send Tab To Self, Web Apps, Collection, Edge E Drop, Edge Hub App Usage, Edge Tab Group, Edge Wallet, Encryption Keys}
{"logTime": "1121/172230", "correlationVector":"TnkU510S7lJ4gybN1+OQex.1","action":"SyncServerConnectionManagerRequest", "result":"SYNC_SERVER_OK", "context":{"environment":"Prod_WestEurope_000l", "migrationStage":"NotStarted", "server":"GENERAL0100001N"}}
{"logTime": "1121/172230", "correlationVector":"TnkU510S7lJ4gybN1+OQex.2","action":"GetUpdates Response", "result":"Success", "context":Received 0 update(s). cV=TnkU510S7lJ4gybN1+OQex.0;server=GENERAL0100001N;cloudType=Consumer;environment=Prod_WestEurope_000l;migrationStage=NotStarted}
{"logTime": "1121/172230", "correlationVector":"5GEwW5TFCkBihNccNAd2dl","action":"Commit Request", "result":"", "context":Item count: 1
Contributing types: Encryption Keys}
{"logTime": "1121/172231", "correlationVector":"5GEwW5TFCkBihNccNAd2dl.1","action":"SyncServerConnectionManagerRequest", "result":"SYNC_SERVER_OK", "context":{"environment":"Prod_WestEurope_000l", "migrationStage":"NotStarted", "server":"GENERAL0100001B"}}
{"logTime": "1121/172231", "correlationVector":"5GEwW5TFCkBihNccNAd2dl.2","action":"Commit Response", "result":"Success", "context":Result: Success. cV=5GEwW5TFCkBihNccNAd2dl.0;server=GENERAL0100001B;cloudType=Consumer;environment=Prod_WestEurope_000l;migrationStage=NotStarted}
{"logTime": "1121/172231", "correlationVector":"MIrqmTiQN09PJe4RPKvc+2","action":"Commit Request", "result":"", "context":Item count: 10
Contributing types: Preferences, Passwords, Sessions, Device Info, User Consents}
{"logTime": "1121/172231", "correlationVector":"MIrqmTiQN09PJe4RPKvc+2.1","action":"SyncServerConnectionManagerRequest", "result":"SYNC_SERVER_OK", "context":{"environment":"Prod_WestEurope_000l", "migrationStage":"NotStarted", "server":"GENERAL0100000Q"}}
{"logTime": "1121/172231", "correlationVector":"MIrqmTiQN09PJe4RPKvc+2.2","action":"Commit Response", "result":"Success", "context":Result: Success. cV=MIrqmTiQN09PJe4RPKvc+2.0;server=GENERAL0100000Q;cloudType=Consumer;environment=Prod_WestEurope_000l;migrationStage=NotStarted}
{"logTime": "1121/172234", "correlationVector":"BxCFlraMx6Z7NfoKUHUUHm","action":"Commit Request", "result":"", "context":Item count: 2
Contributing types: Preferences, Sessions}
{"logTime": "1121/172234", "correlationVector":"BxCFlraMx6Z7NfoKUHUUHm.1","action":"SyncServerConnectionManagerRequest", "result":"SYNC_SERVER_OK", "context":{"environment":"Prod_WestEurope_000l", "migrationStage":"NotStarted", "server":"GENERAL01000004"}}
{"logTime": "1121/172234", "correlationVector":"BxCFlraMx6Z7NfoKUHUUHm.2","action":"Commit Response", "result":"Success", "context":Result: Success. cV=BxCFlraMx6Z7NfoKUHUUHm.0;server=GENERAL01000004;cloudType=Consumer;environment=Prod_WestEurope_000l;migrationStage=NotStarted}
{"logTime": "1121/172604", "correlationVector":"fiugVbEtfefw1hMgL8JsaS.1","action":"SyncServerConnectionManagerRequest", "result":"SYNC_SERVER_OK", "context":{"environment":"Prod_WestEurope_x00e", "migrationStage":"NotStarted", "server":"GENERAL02000036"}}
{"logTime": "1121/172604", "correlationVector":"l7Z9XGtQJpEtnoAF6F53FC","action":"SyncServerConnectionManagerRequest", "result":"SYNC_SERVER_OK", "context":{"environment":"", "migrationStage":"", "server":""}}
{"logTime": "1121/172604", "correlationVector":"fiugVbEtfefw1hMgL8JsaS","action":"Initial GetUpdates", "result":"", "context":Reason: NEW_CLIENT. cV=fiugVbEtfefw1hMgL8JsaS}
{"logTime": "1121/172604", "correlationVector":"fiugVbEtfefw1hMgL8JsaS.2","action":"GetUpdates Response", "result":"Success", "context":Received 1 update(s). cV=fiugVbEtfefw1hMgL8JsaS.0;server=GENERAL02000036;cloudType=Consumer;environment=Prod_WestEurope_x00e;migrationStage=NotStarted}
{"logTime": "1121/172604", "correlationVector":"XAe/oMgKVN7aDdbV4/gLf9","action":"Initial GetUpdates", "result":"", "context":Reason: NEWLY_SUPPORTED_DATATYPE. cV=XAe/oMgKVN7aDdbV4/gLf9}
{"logTime": "1121/172604", "correlationVector":"XAe/oMgKVN7aDdbV4/gLf9.1","action":"SyncServerConnectionManagerRequest", "result":"SYNC_SERVER_OK", "context":{"environment":"Prod_WestEurope_x00e", "migrationStage":"NotStarted", "server":"GENERAL0200000E"}}
{"logTime": "1121/172604", "correlationVector":"XAe/oMgKVN7aDdbV4/gLf9.2","action":"GetUpdates Response", "result":"Success", "context":Received 3 update(s). cV=XAe/oMgKVN7aDdbV4/gLf9.0;server=GENERAL0200000E;cloudType=Consumer;environment=Prod_WestEurope_x00e;migrationStage=NotStarted}
{"logTime": "1121/172604", "correlationVector":"IZJ4PI+qVnyCtVEqQO1K8+","action":"Normal GetUpdate request", "result":"", "context":cV=IZJ4PI+qVnyCtVEqQO1K8+
Nudged types: Sessions, Device Info
Refresh requested types: Bookmarks, Preferences, Passwords, Autofill Profiles, Autofill, Typed URLs, Extensions, Sessions, Extension settings, History Delete Directives, Device Info, User Consents, Send Tab To Self, Web Apps, Collection, Edge E Drop, Edge Hub App Usage, Edge Tab Group, Edge Wallet, Encryption Keys}
{"logTime": "1121/172604", "correlationVector":"IZJ4PI+qVnyCtVEqQO1K8+.1","action":"SyncServerConnectionManagerRequest", "result":"SYNC_SERVER_OK", "context":{"environment":"Prod_WestEurope_x00e", "migrationStage":"NotStarted", "server":"GENERAL0200002B"}}
{"logTime": "1121/172604", "correlationVector":"IZJ4PI+qVnyCtVEqQO1K8+.2","action":"GetUpdates Response", "result":"Success", "context":Received 6 update(s). cV=IZJ4PI+qVnyCtVEqQO1K8+.0;server=GENERAL0200002B;cloudType=Consumer;environment=Prod_WestEurope_x00e;migrationStage=NotStarted}
{"logTime": "1121/172604", "correlationVector":"ZQnK4b8Ia/dwV8CSA8ZUx0","action":"DoCompareDataConsistency requsted types: ", "result":"Bookmarks, Preferences, Passwords, Typed URLs, Extensions, Extension settings, History Delete Directives, Send Tab To Self, Web Apps, Collection, Edge E Drop, Edge Tab Group, Edge Wallet, Encryption Keys"}
{"logTime": "1121/172604", "correlationVector":"ZQnK4b8Ia/dwV8CSA8ZUx0.0","action":"CompareDataConsistency result: ", "result":"Compare result: Encryption Keys is consistent. local entities count is: 1 local entities hash is: szLDqTtrHnzdjoVRx4UxZ/GfUpY="}
{"logTime": "1121/172604", "correlationVector":"ZQnK4b8Ia/dwV8CSA8ZUx0.1","action":"CompareDataConsistency result: ", "result":"Compare result: Bookmarks is consistent. local entities count is: 3 local entities hash is: BU5sDfcAghgGtkpadQUPCKfwVKs="}
{"logTime": "1121/172604", "correlationVector":"ZQnK4b8Ia/dwV8CSA8ZUx0.2","action":"CompareDataConsistency result: ", "result":"Compare result: Preferences is consistent. local entities count is: 28 local entities hash is: eHfhCkUSnmNSx9YdUAdCN5FnYqE="}
{"logTime": "1121/172604", "correlationVector":"ZQnK4b8Ia/dwV8CSA8ZUx0.3","action":"CompareDataConsistency result: ", "result":"Server did not send this Typed URLs local entities count is: 0 local entities hash is: "}
{"logTime": "1121/172604", "correlationVector":"ZQnK4b8Ia/dwV8CSA8ZUx0.4","action":"CompareDataConsistency result: ", "result":"Compare result: Extensions is consistent. local entities count is: 0 local entities hash is: "}
{"logTime": "1121/172604", "correlationVector":"ZQnK4b8Ia/dwV8CSA8ZUx0.5","action":"CompareDataConsistency result: ", "result":"Compare result: Extension settings is consistent. local entities count is: 0 local entities hash is: "}
{"logTime": "1121/172604", "correlationVector":"ZQnK4b8Ia/dwV8CSA8ZUx0.6","action":"CompareDataConsistency result: ", "result":"Compare result: History Delete Directives is consistent. local entities count is: 0 local entities hash is: "}
{"logTime": "1121/172604", "correlationVector":"ZQnK4b8Ia/dwV8CSA8ZUx0.7","action":"CompareDataConsistency result: ", "result":"Server did not send this Send Tab To Self local entities count is: 0 local entities hash is: "}
{"logTime": "1121/172604", "correlationVector":"ZQnK4b8Ia/dwV8CSA8ZUx0.8","action":"CompareDataConsistency result: ", "result":"Compare result: Web Apps is consistent. local entities count is: 0 local entities hash is: "}
{"logTime": "1121/172604", "correlationVector":"ZQnK4b8Ia/dwV8CSA8ZUx0.9","action":"CompareDataConsistency result: ", "result":"Compare result: Collection is consistent. local entities count is: 0 local entities hash is: "}
{"logTime": "1121/172604", "correlationVector":"ZQnK4b8Ia/dwV8CSA8ZUx0.10","action":"CompareDataConsistency result: ", "result":"Compare result: Edge E Drop is consistent. local entities count is: 0 local entities hash is: "}
{"logTime": "1121/172604", "correlationVector":"ZQnK4b8Ia/dwV8CSA8ZUx0.11","action":"CompareDataConsistency result: ", "result":"Compare result: Edge Tab Group is consistent. local entities count is: 0 local entities hash is: "}
{"logTime": "1121/172604", "correlationVector":"ZQnK4b8Ia/dwV8CSA8ZUx0.12","action":"CompareDataConsistency result: ", "result":"Compare result: Edge Wallet is consistent. local entities count is: 0 local entities hash is: "}
{"logTime": "1121/172604", "correlationVector":"ZQnK4b8Ia/dwV8CSA8ZUx0.13","action":"CompareDataConsistency result: ", "result":"Compare result: Passwords is consistent. local entities count is: 3 local entities hash is: 9TmzgzUUJfQogZTnM2oAxTJIIfM="}
{"logTime": "1121/172604", "correlationVector":"FjHBfqDyM1bQazrDgLE8Sz","action":"Commit Request", "result":"", "context":Item count: 4
Contributing types: Sessions, Device Info}
{"logTime": "1121/172604", "correlationVector":"FjHBfqDyM1bQazrDgLE8Sz.1","action":"SyncServerConnectionManagerRequest", "result":"SYNC_SERVER_OK", "context":{"environment":"Prod_WestEurope_x00e", "migrationStage":"NotStarted", "server":"GENERAL02000036"}}
{"logTime": "1121/172604", "correlationVector":"FjHBfqDyM1bQazrDgLE8Sz.3","action":"Commit.Sessions", "result":"Success", "context":{"id":"496f8485-08d8-40f4-a97d-43f14fefad09", "isDeleted":"true", "size":"0", "version":"1732209754280"}}
{"logTime": "1121/172604", "correlationVector":"FjHBfqDyM1bQazrDgLE8Sz.2","action":"Commit Response", "result":"Success", "context":Result: Success. cV=FjHBfqDyM1bQazrDgLE8Sz.0;server=GENERAL02000036;cloudType=Consumer;environment=Prod_WestEurope_x00e;migrationStage=NotStarted}
{"logTime": "1121/172604", "correlationVector":"","action":"DIAGNOSTIC_REQUEST|v1/diagnosticData/Diagnostic.SendCheckResult()|SUCCESS", "result":""}
{"logTime": "1121/172605", "correlationVector":"7U/voZneYJNs+NoyeqYp1P","action":"Commit Request", "result":"", "context":Item count: 3
Contributing types: Preferences}
{"logTime": "1121/172605", "correlationVector":"7U/voZneYJNs+NoyeqYp1P.1","action":"SyncServerConnectionManagerRequest", "result":"SYNC_SERVER_OK", "context":{"environment":"Prod_WestEurope_x00e", "migrationStage":"NotStarted", "server":"GENERAL02000005"}}
{"logTime": "1121/172605", "correlationVector":"7U/voZneYJNs+NoyeqYp1P.2","action":"Commit Response", "result":"Success", "context":Result: Success. cV=7U/voZneYJNs+NoyeqYp1P.0;server=GENERAL02000005;cloudType=Consumer;environment=Prod_WestEurope_x00e;migrationStage=NotStarted}
{"logTime": "1121/172611", "correlationVector":"fjwISwI/fbV+FGGIvVcLiW","action":"Commit Request", "result":"", "context":Item count: 1
Contributing types: Passwords}
{"logTime": "1121/172611", "correlationVector":"fjwISwI/fbV+FGGIvVcLiW.1","action":"SyncServerConnectionManagerRequest", "result":"SYNC_SERVER_OK", "context":{"environment":"Prod_WestEurope_x00e", "migrationStage":"NotStarted", "server":"GENERAL02000032"}}
{"logTime": "1121/172611", "correlationVector":"fjwISwI/fbV+FGGIvVcLiW.2","action":"Commit Response", "result":"Success", "context":Result: Success. cV=fjwISwI/fbV+FGGIvVcLiW.0;server=GENERAL02000032;cloudType=Consumer;environment=Prod_WestEurope_x00e;migrationStage=NotStarted}
{"logTime": "1121/172704", "correlationVector":"QeLDJtERYXLAahtGAzgYtu.1","action":"SyncServerConnectionManagerRequest", "result":"SYNC_SERVER_OK", "context":{"environment":"Prod_WestEurope_x00e", "migrationStage":"NotStarted", "server":"GENERAL0200000I"}}
{"logTime": "1121/172704", "correlationVector":"nc4HZKkiS0l/Mr62INOEGo","action":"SyncServerConnectionManagerRequest", "result":"SYNC_SERVER_OK", "context":{"environment":"", "migrationStage":"", "server":""}}
{"logTime": "1121/172704", "correlationVector":"QeLDJtERYXLAahtGAzgYtu","action":"Initial GetUpdates", "result":"", "context":Reason: NEW_CLIENT. cV=QeLDJtERYXLAahtGAzgYtu}
{"logTime": "1121/172704", "correlationVector":"QeLDJtERYXLAahtGAzgYtu.2","action":"GetUpdates Response", "result":"Success", "context":Received 1 update(s). cV=QeLDJtERYXLAahtGAzgYtu.0;server=GENERAL0200000I;cloudType=Consumer;environment=Prod_WestEurope_x00e;migrationStage=NotStarted}
{"logTime": "1121/172704", "correlationVector":"JwH4YAyKdmswOvJGE0k8lw","action":"Initial GetUpdates", "result":"", "context":Reason: NEWLY_SUPPORTED_DATATYPE. cV=JwH4YAyKdmswOvJGE0k8lw}
{"logTime": "1121/172704", "correlationVector":"JwH4YAyKdmswOvJGE0k8lw.1","action":"SyncServerConnectionManagerRequest", "result":"SYNC_SERVER_OK", "context":{"environment":"Prod_WestEurope_x00e", "migrationStage":"NotStarted", "server":"GENERAL02000002"}}
{"logTime": "1121/172704", "correlationVector":"JwH4YAyKdmswOvJGE0k8lw.2","action":"GetUpdates Response", "result":"Success", "context":Received 3 update(s). cV=JwH4YAyKdmswOvJGE0k8lw.0;server=GENERAL02000002;cloudType=Consumer;environment=Prod_WestEurope_x00e;migrationStage=NotStarted}
{"logTime": "1121/172704", "correlationVector":"RIiol2wFRf6v0HOMlqht8D","action":"Normal GetUpdate request", "result":"", "context":cV=RIiol2wFRf6v0HOMlqht8D
Nudged types: Sessions, Device Info
Refresh requested types: Bookmarks, Preferences, Passwords, Autofill Profiles, Autofill, Typed URLs, Extensions, Sessions, Extension settings, History Delete Directives, Device Info, User Consents, Send Tab To Self, Web Apps, Collection, Edge E Drop, Edge Hub App Usage, Edge Tab Group, Edge Wallet, Encryption Keys}
{"logTime": "1121/172704", "correlationVector":"RIiol2wFRf6v0HOMlqht8D.1","action":"SyncServerConnectionManagerRequest", "result":"SYNC_SERVER_OK", "context":{"environment":"Prod_WestEurope_x00e", "migrationStage":"NotStarted", "server":"GENERAL0200001O"}}
{"logTime": "1121/172704", "correlationVector":"RIiol2wFRf6v0HOMlqht8D.2","action":"GetUpdates", "result":"DeleteReceived", "context":{"id":"496f8485-08d8-40f4-a97d-43f14fefad09", "isDeleted:":"true", "version":"1732209964794"}}
{"logTime": "1121/172704", "correlationVector":"RIiol2wFRf6v0HOMlqht8D.3","action":"GetUpdates Response", "result":"Success", "context":Received 7 update(s). cV=RIiol2wFRf6v0HOMlqht8D.0;server=GENERAL0200001O;cloudType=Consumer;environment=Prod_WestEurope_x00e;migrationStage=NotStarted}
{"logTime": "1121/172704", "correlationVector":"Wu4s5Fw4oz+dUeTk2PwPN2","action":"Commit Request", "result":"", "context":Item count: 4
Contributing types: Sessions, Device Info}
{"logTime": "1121/172705", "correlationVector":"Wu4s5Fw4oz+dUeTk2PwPN2.1","action":"SyncServerConnectionManagerRequest", "result":"SYNC_SERVER_OK", "context":{"environment":"Prod_WestEurope_000l", "migrationStage":"NotStarted", "server":"GENERAL01000017"}}
{"logTime": "1121/172705", "correlationVector":"Wu4s5Fw4oz+dUeTk2PwPN2.2","action":"Commit Response", "result":"Success", "context":Result: Success. cV=Wu4s5Fw4oz+dUeTk2PwPN2.0;server=GENERAL01000017;cloudType=Consumer;environment=Prod_WestEurope_000l;migrationStage=NotStarted}
{"logTime": "1121/172711", "correlationVector":"IXZsv0D4TvPt5ts/xevLO8","action":"Commit Request", "result":"", "context":Item count: 1
Contributing types: Passwords}
{"logTime": "1121/172711", "correlationVector":"IXZsv0D4TvPt5ts/xevLO8.1","action":"SyncServerConnectionManagerRequest", "result":"SYNC_SERVER_OK", "context":{"environment":"Prod_WestEurope_x00e", "migrationStage":"NotStarted", "server":"GENERAL0200002B"}}
{"logTime": "1121/172711", "correlationVector":"IXZsv0D4TvPt5ts/xevLO8.2","action":"Commit Response", "result":"Success", "context":Result: Success. cV=IXZsv0D4TvPt5ts/xevLO8.0;server=GENERAL0200002B;cloudType=Consumer;environment=Prod_WestEurope_x00e;migrationStage=NotStarted}
{"logTime": "1121/172734", "correlationVector":"u584me1tB36UGBmG1UwKPP","action":"Commit Request", "result":"", "context":Item count: 3
Contributing types: Preferences, Sessions}
{"logTime": "1121/172735", "correlationVector":"u584me1tB36UGBmG1UwKPP.1","action":"SyncServerConnectionManagerRequest", "result":"SYNC_SERVER_OK", "context":{"environment":"Prod_WestEurope_x00e", "migrationStage":"NotStarted", "server":"GENERAL02000018"}}
{"logTime": "1121/172735", "correlationVector":"u584me1tB36UGBmG1UwKPP.3","action":"Commit.Sessions", "result":"Success", "context":{"id":"6dba62a5-697b-453e-b8b5-332c2ffe1e96", "isDeleted":"true", "size":"0", "version":"1732210024937"}}
{"logTime": "1121/172735", "correlationVector":"u584me1tB36UGBmG1UwKPP.2","action":"Commit Response", "result":"Success", "context":Result: Success. cV=u584me1tB36UGBmG1UwKPP.0;server=GENERAL02000018;cloudType=Consumer;environment=Prod_WestEurope_x00e;migrationStage=NotStarted}
